#! /usr/local/iverilog/bin/vvp
:ivl_version "11.0 (devel)" "(s20150603-612-ga9388a89)";
:ivl_delay_selection "TYPICAL";
:vpi_time_precision - 7;
:vpi_module "system";
:vpi_module "vhdl_sys";
:vpi_module "vhdl_textio";
:vpi_module "v2005_math";
:vpi_module "va_math";
S_000000000085fcc0 .scope module, "tb" "tb" 2 3;
 .timescale -6 -7;
v000000000085c520_0 .var "CLK", 0 0;
v000000000085c660_0 .net "HEX0", 7 0, L_0000000000857910;  1 drivers
L_00000000008c8178 .functor BUFT 1, C4<11111111>, C4<0>, C4<0>, C4<0>;
v000000000085c700_0 .net "HEX1", 7 0, L_00000000008c8178;  1 drivers
L_00000000008c8130 .functor BUFT 1, C4<11111111>, C4<0>, C4<0>, C4<0>;
v000000000085c840_0 .net "HEX2", 7 0, L_00000000008c8130;  1 drivers
L_00000000008c80e8 .functor BUFT 1, C4<11111111>, C4<0>, C4<0>, C4<0>;
v000000000085c7a0_0 .net "HEX3", 7 0, L_00000000008c80e8;  1 drivers
L_00000000008c80a0 .functor BUFT 1, C4<11111111>, C4<0>, C4<0>, C4<0>;
v000000000085cac0_0 .net "HEX4", 7 0, L_00000000008c80a0;  1 drivers
L_00000000008c8058 .functor BUFT 1, C4<11111111>, C4<0>, C4<0>, C4<0>;
v00000000008c6630_0 .net "HEX5", 7 0, L_00000000008c8058;  1 drivers
v00000000008c7cb0_0 .var "KEY", 1 0;
v00000000008c70d0_0 .net "LEDR", 9 0, L_0000000000863300;  1 drivers
v00000000008c6590_0 .var "SW", 9 0;
S_000000000086ebe0 .scope module, "U1" "Lab3" 2 15, 3 1 0, S_000000000085fcc0;
 .timescale 0 0;
    .port_info 0 /INPUT 1 "ADC_CLK_10";
    .port_info 1 /OUTPUT 8 "HEX0";
    .port_info 2 /OUTPUT 8 "HEX1";
    .port_info 3 /OUTPUT 8 "HEX2";
    .port_info 4 /OUTPUT 8 "HEX3";
    .port_info 5 /OUTPUT 8 "HEX4";
    .port_info 6 /OUTPUT 8 "HEX5";
    .port_info 7 /INPUT 2 "KEY";
    .port_info 8 /OUTPUT 10 "LEDR";
    .port_info 9 /INPUT 10 "SW";
L_0000000000857910 .functor BUFZ 8, v000000000085d240_0, C4<00000000>, C4<00000000>, C4<00000000>;
L_0000000000863300 .functor BUFZ 10, v000000000085cd40_0, C4<0000000000>, C4<0000000000>, C4<0000000000>;
v000000000085ce80_0 .net "ADC_CLK_10", 0 0, v000000000085c520_0;  1 drivers
v000000000085cb60_0 .net "HEX0", 7 0, L_0000000000857910;  alias, 1 drivers
v000000000085cc00_0 .net "HEX1", 7 0, L_00000000008c8178;  alias, 1 drivers
v000000000085cf20_0 .net "HEX2", 7 0, L_00000000008c8130;  alias, 1 drivers
v000000000085c8e0_0 .net "HEX3", 7 0, L_00000000008c80e8;  alias, 1 drivers
v000000000085d2e0_0 .net "HEX4", 7 0, L_00000000008c80a0;  alias, 1 drivers
v000000000085cfc0_0 .net "HEX5", 7 0, L_00000000008c8058;  alias, 1 drivers
v000000000085d060_0 .net "KEY", 1 0, v00000000008c7cb0_0;  1 drivers
v000000000085cca0_0 .net "LEDR", 9 0, L_0000000000863300;  alias, 1 drivers
v000000000085cd40_0 .var "LEDs", 9 0;
v000000000085cde0_0 .net "SW", 9 0, v00000000008c6590_0;  1 drivers
v000000000085d380_0 .net *"_s16", 0 0, L_00000000008c7030;  1 drivers
v000000000085d100_0 .net *"_s20", 0 0, L_00000000008c7a30;  1 drivers
v000000000085c5c0_0 .var "clk", 0 0;
v000000000085ca20_0 .var "counter", 20 0;
v000000000085d1a0_0 .var "rst", 0 0;
v000000000085d240_0 .var "sevSeg0", 7 0;
v000000000085c480_0 .var "turnSignal", 0 0;
E_000000000085ab20 .event posedge, v000000000085c5c0_0;
E_000000000085ae60 .event posedge, v000000000085ce80_0;
E_000000000085aca0 .event negedge, L_00000000008c7a30;
E_000000000085a660 .event negedge, L_00000000008c7030;
L_00000000008c7030 .part v00000000008c7cb0_0, 0, 1;
L_00000000008c7a30 .part v00000000008c7cb0_0, 1, 1;
    .scope S_000000000086ebe0;
T_0 ;
    %pushi/vec4 0, 0, 1;
    %store/vec4 v000000000085d1a0_0, 0, 1;
    %pushi/vec4 0, 0, 21;
    %assign/vec4 v000000000085ca20_0, 0;
    %pushi/vec4 0, 0, 1;
    %assign/vec4 v000000000085c5c0_0, 0;
    %pushi/vec4 0, 0, 10;
    %assign/vec4 v000000000085cd40_0, 0;
    %pushi/vec4 0, 0, 1;
    %assign/vec4 v000000000085c480_0, 0;
    %pushi/vec4 255, 0, 8;
    %assign/vec4 v000000000085d240_0, 0;
    %end;
    .thread T_0;
    .scope S_000000000086ebe0;
T_1 ;
    %wait E_000000000085a660;
    %load/vec4 v000000000085d1a0_0;
    %inv;
    %assign/vec4 v000000000085d1a0_0, 0;
    %jmp T_1;
    .thread T_1;
    .scope S_000000000086ebe0;
T_2 ;
    %wait E_000000000085aca0;
    %load/vec4 v000000000085c480_0;
    %inv;
    %assign/vec4 v000000000085c480_0, 0;
    %jmp T_2;
    .thread T_2;
    .scope S_000000000086ebe0;
T_3 ;
    %wait E_000000000085ae60;
    %load/vec4 v000000000085ca20_0;
    %pad/u 32;
    %cmpi/e 15, 0, 32;
    %jmp/0xz  T_3.0, 4;
    %pushi/vec4 0, 0, 21;
    %assign/vec4 v000000000085ca20_0, 0;
    %load/vec4 v000000000085c5c0_0;
    %inv;
    %store/vec4 v000000000085c5c0_0, 0, 1;
    %jmp T_3.1;
T_3.0 ;
    %load/vec4 v000000000085ca20_0;
    %addi 1, 0, 21;
    %assign/vec4 v000000000085ca20_0, 0;
T_3.1 ;
    %jmp T_3;
    .thread T_3;
    .scope S_000000000086ebe0;
T_4 ;
    %wait E_000000000085ab20;
    %load/vec4 v000000000085d1a0_0;
    %pad/u 32;
    %cmpi/e 1, 0, 32;
    %flag_mov 8, 4;
    %load/vec4 v000000000085cde0_0;
    %cmpi/e 0, 0, 10;
    %flag_or 4, 8;
    %jmp/0xz  T_4.0, 4;
    %pushi/vec4 0, 0, 10;
    %assign/vec4 v000000000085cd40_0, 0;
    %pushi/vec4 255, 0, 8;
    %assign/vec4 v000000000085d240_0, 0;
    %jmp T_4.1;
T_4.0 ;
    %load/vec4 v000000000085cde0_0;
    %parti/s 1, 0, 2;
    %pad/u 32;
    %cmpi/e 1, 0, 32;
    %jmp/0xz  T_4.2, 4;
    %pushi/vec4 137, 0, 8;
    %assign/vec4 v000000000085d240_0, 0;
    %load/vec4 v000000000085cd40_0;
    %parti/s 1, 9, 5;
    %dup/vec4;
    %pushi/vec4 1, 0, 1;
    %cmp/x;
    %jmp/1 T_4.4, 4;
    %dup/vec4;
    %pushi/vec4 0, 0, 1;
    %cmp/x;
    %jmp/1 T_4.5, 4;
    %jmp T_4.6;
T_4.4 ;
    %pushi/vec4 0, 0, 10;
    %assign/vec4 v000000000085cd40_0, 0;
    %jmp T_4.6;
T_4.5 ;
    %pushi/vec4 903, 0, 10;
    %assign/vec4 v000000000085cd40_0, 0;
    %jmp T_4.6;
T_4.6 ;
    %pop/vec4 1;
    %jmp T_4.3;
T_4.2 ;
    %load/vec4 v000000000085cde0_0;
    %parti/s 1, 1, 2;
    %pad/u 32;
    %cmpi/e 1, 0, 32;
    %jmp/0xz  T_4.7, 4;
    %load/vec4 v000000000085c480_0;
    %cmpi/e 1, 0, 1;
    %jmp/0xz  T_4.9, 4;
    %pushi/vec4 199, 0, 8;
    %assign/vec4 v000000000085d240_0, 0;
    %load/vec4 v000000000085cd40_0;
    %dup/vec4;
    %pushi/vec4 127, 127, 10;
    %cmp/x;
    %jmp/1 T_4.11, 4;
    %dup/vec4;
    %pushi/vec4 255, 127, 10;
    %cmp/x;
    %jmp/1 T_4.12, 4;
    %dup/vec4;
    %pushi/vec4 511, 127, 10;
    %cmp/x;
    %jmp/1 T_4.13, 4;
    %dup/vec4;
    %pushi/vec4 1023, 127, 10;
    %cmp/x;
    %jmp/1 T_4.14, 4;
    %jmp T_4.15;
T_4.11 ;
    %pushi/vec4 128, 0, 10;
    %assign/vec4 v000000000085cd40_0, 0;
    %jmp T_4.15;
T_4.12 ;
    %pushi/vec4 384, 0, 10;
    %assign/vec4 v000000000085cd40_0, 0;
    %jmp T_4.15;
T_4.13 ;
    %pushi/vec4 896, 0, 10;
    %assign/vec4 v000000000085cd40_0, 0;
    %jmp T_4.15;
T_4.14 ;
    %pushi/vec4 0, 0, 10;
    %assign/vec4 v000000000085cd40_0, 0;
    %jmp T_4.15;
T_4.15 ;
    %pop/vec4 1;
    %jmp T_4.10;
T_4.9 ;
    %pushi/vec4 175, 0, 8;
    %assign/vec4 v000000000085d240_0, 0;
    %load/vec4 v000000000085cd40_0;
    %dup/vec4;
    %pushi/vec4 1016, 1016, 10;
    %cmp/x;
    %jmp/1 T_4.16, 4;
    %dup/vec4;
    %pushi/vec4 1020, 1016, 10;
    %cmp/x;
    %jmp/1 T_4.17, 4;
    %dup/vec4;
    %pushi/vec4 1022, 1016, 10;
    %cmp/x;
    %jmp/1 T_4.18, 4;
    %dup/vec4;
    %pushi/vec4 1023, 1016, 10;
    %cmp/x;
    %jmp/1 T_4.19, 4;
    %jmp T_4.20;
T_4.16 ;
    %pushi/vec4 4, 0, 10;
    %assign/vec4 v000000000085cd40_0, 0;
    %jmp T_4.20;
T_4.17 ;
    %pushi/vec4 6, 0, 10;
    %assign/vec4 v000000000085cd40_0, 0;
    %jmp T_4.20;
T_4.18 ;
    %pushi/vec4 7, 0, 10;
    %assign/vec4 v000000000085cd40_0, 0;
    %jmp T_4.20;
T_4.19 ;
    %pushi/vec4 0, 0, 10;
    %assign/vec4 v000000000085cd40_0, 0;
    %jmp T_4.20;
T_4.20 ;
    %pop/vec4 1;
T_4.10 ;
T_4.7 ;
T_4.3 ;
T_4.1 ;
    %jmp T_4;
    .thread T_4;
    .scope S_000000000085fcc0;
T_5 ;
    %vpi_call 2 30 "$dumpfile", "output.vcd" {0 0 0};
    %vpi_call 2 31 "$dumpvars" {0 0 0};
    %vpi_call 2 32 "$display", "Starting simulation" {0 0 0};
    %delay 0, 0;
    %pushi/vec4 0, 0, 1;
    %store/vec4 v000000000085c520_0, 0, 1;
    %delay 0, 0;
    %pushi/vec4 1, 0, 1;
    %ix/load 4, 0, 0;
    %flag_set/imm 4, 0;
    %store/vec4 v00000000008c7cb0_0, 4, 1;
    %delay 0, 0;
    %pushi/vec4 1, 0, 1;
    %ix/load 4, 1, 0;
    %flag_set/imm 4, 0;
    %store/vec4 v00000000008c7cb0_0, 4, 1;
    %delay 0, 0;
    %pushi/vec4 0, 0, 10;
    %store/vec4 v00000000008c6590_0, 0, 10;
    %delay 100000, 0;
    %vpi_call 2 37 "$display", "Simulation ended." {0 0 0};
    %end;
    .thread T_5;
    .scope S_000000000085fcc0;
T_6 ;
    %delay 5000, 0;
    %pushi/vec4 1, 0, 1;
    %ix/load 4, 0, 0;
    %flag_set/imm 4, 0;
    %store/vec4 v00000000008c6590_0, 4, 1;
    %delay 15000, 0;
    %pushi/vec4 1, 0, 1;
    %ix/load 4, 1, 0;
    %flag_set/imm 4, 0;
    %store/vec4 v00000000008c6590_0, 4, 1;
    %delay 5000, 0;
    %pushi/vec4 0, 0, 1;
    %ix/load 4, 0, 0;
    %flag_set/imm 4, 0;
    %store/vec4 v00000000008c6590_0, 4, 1;
    %delay 20000, 0;
    %pushi/vec4 0, 0, 1;
    %ix/load 4, 1, 0;
    %flag_set/imm 4, 0;
    %store/vec4 v00000000008c7cb0_0, 4, 1;
    %delay 20000, 0;
    %pushi/vec4 0, 0, 1;
    %ix/load 4, 0, 0;
    %flag_set/imm 4, 0;
    %store/vec4 v00000000008c7cb0_0, 4, 1;
    %end;
    .thread T_6;
    .scope S_000000000085fcc0;
T_7 ;
    %delay 10, 0;
    %load/vec4 v000000000085c520_0;
    %inv;
    %store/vec4 v000000000085c520_0, 0, 1;
    %jmp T_7;
    .thread T_7;
    .scope S_000000000085fcc0;
T_8 ;
    %delay 100000, 0;
    %vpi_call 2 47 "$finish" {0 0 0};
    %end;
    .thread T_8;
# The file index is used to find the file name in the following table.
:file_names 4;
    "N/A";
    "<interactive>";
    "tb.v";
    "Lab3.v";
